This file contains any messages produced by compilers while
running configure, to aid debugging if configure makes a mistake.

It was created by configure, which was
generated by GNU Autoconf 2.61.  Invocation command line was

  $ ./configure 

## --------- ##
## Platform. ##
## --------- ##

hostname = lightspeed
uname -m = x86_64
uname -r = 4.18.7-rt5-1-rt
uname -s = Linux
uname -v = #1 SMP PREEMPT RT Thu Nov 15 06:10:59 UTC 2018

/usr/bin/uname -p = unknown
/bin/uname -X     = unknown

/bin/arch              = unknown
/usr/bin/arch -k       = unknown
/usr/convex/getsysinfo = unknown
/usr/bin/hostinfo      = unknown
/bin/machine           = unknown
/usr/bin/oslevel       = unknown
/bin/universe          = unknown

PATH: /home/zer0/.rbenv/shims
PATH: /home/zer0/.rbenv/shims
PATH: /home/zer0/.rbenv/bin
PATH: /usr/local/sbin
PATH: /usr/local/bin
PATH: /usr/bin
PATH: /opt/adobe-air-sdk/bin
PATH: /home/zer0/.local/share/flatpak/exports/bin
PATH: /var/lib/flatpak/exports/bin
PATH: /usr/lib/jvm/default/bin
PATH: /usr/bin/site_perl
PATH: /usr/bin/vendor_perl
PATH: /usr/bin/core_perl
PATH: /home/zer0/.local/bin


## ----------- ##
## Core tests. ##
## ----------- ##

configure:1871: checking whether to install link to etags
configure:1878: result: no
configure:1881: checking whether to install readtags object file
configure:1888: result: no
configure:1965: checking for gcc
configure:1981: found /usr/bin/gcc
configure:1992: result: gcc
configure:2230: checking for C compiler version
configure:2237: gcc --version >&5
gcc (GCC) 10.1.0
Copyright (C) 2020 Free Software Foundation, Inc.
This is free software; see the source for copying conditions.  There is NO
warranty; not even for MERCHANTABILITY or FITNESS FOR A PARTICULAR PURPOSE.

configure:2240: $? = 0
configure:2247: gcc -v >&5
Using built-in specs.
COLLECT_GCC=gcc
COLLECT_LTO_WRAPPER=/usr/lib/gcc/x86_64-pc-linux-gnu/10.1.0/lto-wrapper
Target: x86_64-pc-linux-gnu
Configured with: /build/gcc/src/gcc/configure --prefix=/usr --libdir=/usr/lib --libexecdir=/usr/lib --mandir=/usr/share/man --infodir=/usr/share/info --with-bugurl=https://bugs.archlinux.org/ --enable-languages=c,c++,ada,fortran,go,lto,objc,obj-c++,d --with-isl --with-linker-hash-style=gnu --with-system-zlib --enable-__cxa_atexit --enable-cet=auto --enable-checking=release --enable-clocale=gnu --enable-default-pie --enable-default-ssp --enable-gnu-indirect-function --enable-gnu-unique-object --enable-install-libiberty --enable-linker-build-id --enable-lto --enable-multilib --enable-plugin --enable-shared --enable-threads=posix --disable-libssp --disable-libstdcxx-pch --disable-libunwind-exceptions --disable-werror gdc_include_dir=/usr/include/dlang/gdc
Thread model: posix
Supported LTO compression algorithms: zlib zstd
gcc version 10.1.0 (GCC) 
configure:2250: $? = 0
configure:2257: gcc -V >&5
gcc: error: unrecognized command-line option '-V'
gcc: fatal error: no input files
compilation terminated.
configure:2260: $? = 1
configure:2283: checking for C compiler default output file name
configure:2310: gcc    conftest.c  >&5
configure:2313: $? = 0
configure:2351: result: a.out
configure:2368: checking whether the C compiler works
configure:2378: ./a.out
configure:2381: $? = 0
configure:2398: result: yes
configure:2405: checking whether we are cross compiling
configure:2407: result: no
configure:2410: checking for suffix of executables
configure:2417: gcc -o conftest    conftest.c  >&5
configure:2420: $? = 0
configure:2444: result: 
configure:2450: checking for suffix of object files
configure:2476: gcc -c   conftest.c >&5
configure:2479: $? = 0
configure:2502: result: o
configure:2506: checking whether we are using the GNU C compiler
configure:2535: gcc -c   conftest.c >&5
configure:2541: $? = 0
configure:2558: result: yes
configure:2563: checking whether gcc accepts -g
configure:2593: gcc -c -g  conftest.c >&5
configure:2599: $? = 0
configure:2698: result: yes
configure:2715: checking for gcc option to accept ISO C89
configure:2789: gcc  -c -g -O2  conftest.c >&5
configure:2795: $? = 0
configure:2818: result: none needed
configure:2866: checking whether ln -s works
configure:2870: result: yes
configure:2879: checking for strip
configure:2895: found /usr/bin/strip
configure:2907: result: strip
configure:2921: checking directory to use for temporary files
configure:2939: result: /tmp
configure:2952: checking whether #! works in shell scripts
configure:2962: result: yes
configure:2974: checking for case-insensitive filenames
configure:2985: result: no
configure:2990: checking selected sort method
configure:2996: result: external sort utility
configure:3001: checking for sort
configure:3017: found /usr/bin/sort
configure:3029: result: yes
configure:3038: checking if sort accepts our command line
configure:3046: result: yes
configure:3072: checking how to run the C preprocessor
configure:3112: gcc -E  conftest.c
configure:3118: $? = 0
configure:3149: gcc -E  conftest.c
conftest.c:12:10: fatal error: ac_nonexistent.h: No such file or directory
   12 | #include <ac_nonexistent.h>
      |          ^~~~~~~~~~~~~~~~~~
compilation terminated.
configure:3155: $? = 1
configure: failed program was:
| /* confdefs.h.  */
| #define PACKAGE_NAME ""
| #define PACKAGE_TARNAME ""
| #define PACKAGE_VERSION ""
| #define PACKAGE_STRING ""
| #define PACKAGE_BUGREPORT ""
| #define DEFAULT_FILE_FORMAT 2
| #define TMPDIR "/tmp"
| #define SYS_INTERPRETER 1
| #define EXTERNAL_SORT 1
| /* end confdefs.h.  */
| #include <ac_nonexistent.h>
configure:3188: result: gcc -E
configure:3217: gcc -E  conftest.c
configure:3223: $? = 0
configure:3254: gcc -E  conftest.c
conftest.c:12:10: fatal error: ac_nonexistent.h: No such file or directory
   12 | #include <ac_nonexistent.h>
      |          ^~~~~~~~~~~~~~~~~~
compilation terminated.
configure:3260: $? = 1
configure: failed program was:
| /* confdefs.h.  */
| #define PACKAGE_NAME ""
| #define PACKAGE_TARNAME ""
| #define PACKAGE_VERSION ""
| #define PACKAGE_STRING ""
| #define PACKAGE_BUGREPORT ""
| #define DEFAULT_FILE_FORMAT 2
| #define TMPDIR "/tmp"
| #define SYS_INTERPRETER 1
| #define EXTERNAL_SORT 1
| /* end confdefs.h.  */
| #include <ac_nonexistent.h>
configure:3298: checking for grep that handles long lines and -e
configure:3372: result: /usr/bin/grep
configure:3377: checking for egrep
configure:3455: result: /usr/bin/grep -E
configure:3460: checking for ANSI C header files
configure:3490: gcc -c -g -O2  conftest.c >&5
configure:3496: $? = 0
configure:3595: gcc -o conftest -g -O2   conftest.c  >&5
configure:3598: $? = 0
configure:3604: ./conftest
configure:3607: $? = 0
configure:3624: result: yes
configure:3648: checking for sys/types.h
configure:3669: gcc -c -g -O2  conftest.c >&5
configure:3675: $? = 0
configure:3691: result: yes
configure:3648: checking for sys/stat.h
configure:3669: gcc -c -g -O2  conftest.c >&5
configure:3675: $? = 0
configure:3691: result: yes
configure:3648: checking for stdlib.h
configure:3669: gcc -c -g -O2  conftest.c >&5
configure:3675: $? = 0
configure:3691: result: yes
configure:3648: checking for string.h
configure:3669: gcc -c -g -O2  conftest.c >&5
configure:3675: $? = 0
configure:3691: result: yes
configure:3648: checking for memory.h
configure:3669: gcc -c -g -O2  conftest.c >&5
configure:3675: $? = 0
configure:3691: result: yes
configure:3648: checking for strings.h
configure:3669: gcc -c -g -O2  conftest.c >&5
configure:3675: $? = 0
configure:3691: result: yes
configure:3648: checking for inttypes.h
configure:3669: gcc -c -g -O2  conftest.c >&5
configure:3675: $? = 0
configure:3691: result: yes
configure:3648: checking for stdint.h
configure:3669: gcc -c -g -O2  conftest.c >&5
configure:3675: $? = 0
configure:3691: result: yes
configure:3648: checking for unistd.h
configure:3669: gcc -c -g -O2  conftest.c >&5
configure:3675: $? = 0
configure:3691: result: yes
configure:3721: checking dirent.h usability
configure:3738: gcc -c -g -O2  conftest.c >&5
configure:3744: $? = 0
configure:3758: result: yes
configure:3762: checking dirent.h presence
configure:3777: gcc -E  conftest.c
configure:3783: $? = 0
configure:3797: result: yes
configure:3825: checking for dirent.h
configure:3833: result: yes
configure:3721: checking fcntl.h usability
configure:3738: gcc -c -g -O2  conftest.c >&5
configure:3744: $? = 0
configure:3758: result: yes
configure:3762: checking fcntl.h presence
configure:3777: gcc -E  conftest.c
configure:3783: $? = 0
configure:3797: result: yes
configure:3825: checking for fcntl.h
configure:3833: result: yes
configure:3721: checking fnmatch.h usability
configure:3738: gcc -c -g -O2  conftest.c >&5
configure:3744: $? = 0
configure:3758: result: yes
configure:3762: checking fnmatch.h presence
configure:3777: gcc -E  conftest.c
configure:3783: $? = 0
configure:3797: result: yes
configure:3825: checking for fnmatch.h
configure:3833: result: yes
configure:3721: checking stat.h usability
configure:3738: gcc -c -g -O2  conftest.c >&5
conftest.c:58:10: fatal error: stat.h: No such file or directory
   58 | #include <stat.h>
      |          ^~~~~~~~
compilation terminated.
configure:3744: $? = 1
configure: failed program was:
| /* confdefs.h.  */
| #define PACKAGE_NAME ""
| #define PACKAGE_TARNAME ""
| #define PACKAGE_VERSION ""
| #define PACKAGE_STRING ""
| #define PACKAGE_BUGREPORT ""
| #define DEFAULT_FILE_FORMAT 2
| #define TMPDIR "/tmp"
| #define SYS_INTERPRETER 1
| #define EXTERNAL_SORT 1
| #define STDC_HEADERS 1
| #define HAVE_SYS_TYPES_H 1
| #define HAVE_SYS_STAT_H 1
| #define HAVE_STDLIB_H 1
| #define HAVE_STRING_H 1
| #define HAVE_MEMORY_H 1
| #define HAVE_STRINGS_H 1
| #define HAVE_INTTYPES_H 1
| #define HAVE_STDINT_H 1
| #define HAVE_UNISTD_H 1
| #define HAVE_DIRENT_H 1
| #define HAVE_FCNTL_H 1
| #define HAVE_FNMATCH_H 1
| /* end confdefs.h.  */
| #include <stdio.h>
| #ifdef HAVE_SYS_TYPES_H
| # include <sys/types.h>
| #endif
| #ifdef HAVE_SYS_STAT_H
| # include <sys/stat.h>
| #endif
| #ifdef STDC_HEADERS
| # include <stdlib.h>
| # include <stddef.h>
| #else
| # ifdef HAVE_STDLIB_H
| #  include <stdlib.h>
| # endif
| #endif
| #ifdef HAVE_STRING_H
| # if !defined STDC_HEADERS && defined HAVE_MEMORY_H
| #  include <memory.h>
| # endif
| # include <string.h>
| #endif
| #ifdef HAVE_STRINGS_H
| # include <strings.h>
| #endif
| #ifdef HAVE_INTTYPES_H
| # include <inttypes.h>
| #endif
| #ifdef HAVE_STDINT_H
| # include <stdint.h>
| #endif
| #ifdef HAVE_UNISTD_H
| # include <unistd.h>
| #endif
| #include <stat.h>
configure:3758: result: no
configure:3762: checking stat.h presence
configure:3777: gcc -E  conftest.c
conftest.c:25:10: fatal error: stat.h: No such file or directory
   25 | #include <stat.h>
      |          ^~~~~~~~
compilation terminated.
configure:3783: $? = 1
configure: failed program was:
| /* confdefs.h.  */
| #define PACKAGE_NAME ""
| #define PACKAGE_TARNAME ""
| #define PACKAGE_VERSION ""
| #define PACKAGE_STRING ""
| #define PACKAGE_BUGREPORT ""
| #define DEFAULT_FILE_FORMAT 2
| #define TMPDIR "/tmp"
| #define SYS_INTERPRETER 1
| #define EXTERNAL_SORT 1
| #define STDC_HEADERS 1
| #define HAVE_SYS_TYPES_H 1
| #define HAVE_SYS_STAT_H 1
| #define HAVE_STDLIB_H 1
| #define HAVE_STRING_H 1
| #define HAVE_MEMORY_H 1
| #define HAVE_STRINGS_H 1
| #define HAVE_INTTYPES_H 1
| #define HAVE_STDINT_H 1
| #define HAVE_UNISTD_H 1
| #define HAVE_DIRENT_H 1
| #define HAVE_FCNTL_H 1
| #define HAVE_FNMATCH_H 1
| /* end confdefs.h.  */
| #include <stat.h>
configure:3797: result: no
configure:3825: checking for stat.h
configure:3833: result: no
configure:3711: checking for stdlib.h
configure:3717: result: yes
configure:3711: checking for string.h
configure:3717: result: yes
configure:3721: checking time.h usability
configure:3738: gcc -c -g -O2  conftest.c >&5
configure:3744: $? = 0
configure:3758: result: yes
configure:3762: checking time.h presence
configure:3777: gcc -E  conftest.c
configure:3783: $? = 0
configure:3797: result: yes
configure:3825: checking for time.h
configure:3833: result: yes
configure:3721: checking types.h usability
configure:3738: gcc -c -g -O2  conftest.c >&5
conftest.c:61:10: fatal error: types.h: No such file or directory
   61 | #include <types.h>
      |          ^~~~~~~~~
compilation terminated.
configure:3744: $? = 1
configure: failed program was:
| /* confdefs.h.  */
| #define PACKAGE_NAME ""
| #define PACKAGE_TARNAME ""
| #define PACKAGE_VERSION ""
| #define PACKAGE_STRING ""
| #define PACKAGE_BUGREPORT ""
| #define DEFAULT_FILE_FORMAT 2
| #define TMPDIR "/tmp"
| #define SYS_INTERPRETER 1
| #define EXTERNAL_SORT 1
| #define STDC_HEADERS 1
| #define HAVE_SYS_TYPES_H 1
| #define HAVE_SYS_STAT_H 1
| #define HAVE_STDLIB_H 1
| #define HAVE_STRING_H 1
| #define HAVE_MEMORY_H 1
| #define HAVE_STRINGS_H 1
| #define HAVE_INTTYPES_H 1
| #define HAVE_STDINT_H 1
| #define HAVE_UNISTD_H 1
| #define HAVE_DIRENT_H 1
| #define HAVE_FCNTL_H 1
| #define HAVE_FNMATCH_H 1
| #define HAVE_STDLIB_H 1
| #define HAVE_STRING_H 1
| #define HAVE_TIME_H 1
| /* end confdefs.h.  */
| #include <stdio.h>
| #ifdef HAVE_SYS_TYPES_H
| # include <sys/types.h>
| #endif
| #ifdef HAVE_SYS_STAT_H
| # include <sys/stat.h>
| #endif
| #ifdef STDC_HEADERS
| # include <stdlib.h>
| # include <stddef.h>
| #else
| # ifdef HAVE_STDLIB_H
| #  include <stdlib.h>
| # endif
| #endif
| #ifdef HAVE_STRING_H
| # if !defined STDC_HEADERS && defined HAVE_MEMORY_H
| #  include <memory.h>
| # endif
| # include <string.h>
| #endif
| #ifdef HAVE_STRINGS_H
| # include <strings.h>
| #endif
| #ifdef HAVE_INTTYPES_H
| # include <inttypes.h>
| #endif
| #ifdef HAVE_STDINT_H
| # include <stdint.h>
| #endif
| #ifdef HAVE_UNISTD_H
| # include <unistd.h>
| #endif
| #include <types.h>
configure:3758: result: no
configure:3762: checking types.h presence
configure:3777: gcc -E  conftest.c
conftest.c:28:10: fatal error: types.h: No such file or directory
   28 | #include <types.h>
      |          ^~~~~~~~~
compilation terminated.
configure:3783: $? = 1
configure: failed program was:
| /* confdefs.h.  */
| #define PACKAGE_NAME ""
| #define PACKAGE_TARNAME ""
| #define PACKAGE_VERSION ""
| #define PACKAGE_STRING ""
| #define PACKAGE_BUGREPORT ""
| #define DEFAULT_FILE_FORMAT 2
| #define TMPDIR "/tmp"
| #define SYS_INTERPRETER 1
| #define EXTERNAL_SORT 1
| #define STDC_HEADERS 1
| #define HAVE_SYS_TYPES_H 1
| #define HAVE_SYS_STAT_H 1
| #define HAVE_STDLIB_H 1
| #define HAVE_STRING_H 1
| #define HAVE_MEMORY_H 1
| #define HAVE_STRINGS_H 1
| #define HAVE_INTTYPES_H 1
| #define HAVE_STDINT_H 1
| #define HAVE_UNISTD_H 1
| #define HAVE_DIRENT_H 1
| #define HAVE_FCNTL_H 1
| #define HAVE_FNMATCH_H 1
| #define HAVE_STDLIB_H 1
| #define HAVE_STRING_H 1
| #define HAVE_TIME_H 1
| /* end confdefs.h.  */
| #include <types.h>
configure:3797: result: no
configure:3825: checking for types.h
configure:3833: result: no
configure:3711: checking for unistd.h
configure:3717: result: yes
configure:3721: checking sys/dir.h usability
configure:3738: gcc -c -g -O2  conftest.c >&5
configure:3744: $? = 0
configure:3758: result: yes
configure:3762: checking sys/dir.h presence
configure:3777: gcc -E  conftest.c
configure:3783: $? = 0
configure:3797: result: yes
configure:3825: checking for sys/dir.h
configure:3833: result: yes
configure:3711: checking for sys/stat.h
configure:3717: result: yes
configure:3721: checking sys/times.h usability
configure:3738: gcc -c -g -O2  conftest.c >&5
configure:3744: $? = 0
configure:3758: result: yes
configure:3762: checking sys/times.h presence
configure:3777: gcc -E  conftest.c
configure:3783: $? = 0
configure:3797: result: yes
configure:3825: checking for sys/times.h
configure:3833: result: yes
configure:3711: checking for sys/types.h
configure:3717: result: yes
configure:3916: checking if L_tmpnam is defined in stdio.h
configure:3933: result: yes
configure:3951: checking if INT_MAX is defined in limits.h
configure:3968: result: yes
configure:4022: checking for size_t
configure:4052: gcc -c -g -O2  conftest.c >&5
configure:4058: $? = 0
configure:4073: result: yes
configure:4085: checking for off_t
configure:4115: gcc -c -g -O2  conftest.c >&5
configure:4121: $? = 0
configure:4136: result: yes
configure:4149: checking for fpos_t
configure:4162: result: yes
configure:4177: checking for clock_t
configure:4190: result: yes
configure:4211: checking for an ANSI C-conforming const
configure:4286: gcc -c -g -O2  conftest.c >&5
configure:4292: $? = 0
configure:4307: result: yes
configure:4320: checking if struct stat contains st_ino
configure:4348: gcc -c -g -O2  conftest.c >&5
conftest.c: In function 'main':
conftest.c:41:3: warning: implicit declaration of function 'exit' [-Wimplicit-function-declaration]
   41 |   exit(0);
      |   ^~~~
conftest.c:41:3: warning: incompatible implicit declaration of built-in function 'exit'
conftest.c:34:1: note: include '<stdlib.h>' or provide a declaration of 'exit'
   33 | #include <sys/stat.h>
   34 | int
configure:4354: $? = 0
configure:4368: result: yes
configure:4385: checking for fnmatch
configure:4441: gcc -o conftest -g -O2   conftest.c  >&5
configure:4447: $? = 0
configure:4465: result: yes
configure:4479: checking for strstr
configure:4535: gcc -o conftest -g -O2   conftest.c  >&5
conftest.c:58:6: warning: conflicting types for built-in function 'strstr'; expected 'char *(const char *, const char *)' [-Wbuiltin-declaration-mismatch]
   58 | char strstr ();
      |      ^~~~~~
conftest.c:46:1: note: 'strstr' is declared in header '<string.h>'
   45 | # include <limits.h>
   46 | #else
configure:4541: $? = 0
configure:4559: result: yes
configure:4574: checking for strcasecmp
configure:4630: gcc -o conftest -g -O2   conftest.c  >&5
conftest.c:59:6: warning: conflicting types for built-in function 'strcasecmp'; expected 'int(const char *, const char *)' [-Wbuiltin-declaration-mismatch]
   59 | char strcasecmp ();
      |      ^~~~~~~~~~
configure:4636: $? = 0
configure:4654: result: yes
configure:4669: checking for strncasecmp
configure:4725: gcc -o conftest -g -O2   conftest.c  >&5
conftest.c:60:6: warning: conflicting types for built-in function 'strncasecmp'; expected 'int(const char *, const char *, long unsigned int)' [-Wbuiltin-declaration-mismatch]
   60 | char strncasecmp ();
      |      ^~~~~~~~~~~
configure:4731: $? = 0
configure:4749: result: yes
configure:4763: checking for fgetpos
configure:4819: gcc -o conftest -g -O2   conftest.c  >&5
configure:4825: $? = 0
configure:4843: result: yes
configure:4926: checking for mkstemp
configure:4982: gcc -o conftest -g -O2   conftest.c  >&5
configure:4988: $? = 0
configure:5006: result: yes
configure:5219: checking for opendir
configure:5275: gcc -o conftest -g -O2   conftest.c  >&5
configure:5281: $? = 0
configure:5299: result: yes
configure:5313: checking for strerror
configure:5369: gcc -o conftest -g -O2   conftest.c  >&5
configure:5375: $? = 0
configure:5393: result: yes
configure:5408: checking for clock
configure:5464: gcc -o conftest -g -O2   conftest.c  >&5
configure:5470: $? = 0
configure:5488: result: yes
configure:5502: checking for remove
configure:5558: gcc -o conftest -g -O2   conftest.c  >&5
configure:5564: $? = 0
configure:5582: result: yes
configure:5632: checking for truncate
configure:5688: gcc -o conftest -g -O2   conftest.c  >&5
configure:5694: $? = 0
configure:5712: result: yes
configure:5920: checking for setenv
configure:5976: gcc -o conftest -g -O2   conftest.c  >&5
configure:5982: $? = 0
configure:6000: result: yes
configure:6161: checking for regcomp
configure:6217: gcc -o conftest -g -O2   conftest.c  >&5
configure:6223: $? = 0
configure:6241: result: yes
configure:6251: checking if regcomp works
configure:6279: gcc -o conftest -g -O2   conftest.c  >&5
conftest.c:50:1: warning: return type defaults to 'int' [-Wimplicit-int]
   50 | main() {
      | ^~~~
conftest.c: In function 'main':
conftest.c:52:2: warning: implicit declaration of function 'exit' [-Wimplicit-function-declaration]
   52 |  exit (regcomp (&patbuf, "/hello/", 0) != 0);
      |  ^~~~
conftest.c:52:2: warning: incompatible implicit declaration of built-in function 'exit'
conftest.c:50:1: note: include '<stdlib.h>' or provide a declaration of 'exit'
   49 | #include <regex.h>
  +++ |+#include <stdlib.h>
   50 | main() {
configure:6282: $? = 0
configure:6288: ./conftest
configure:6291: $? = 0
configure:6306: result: yes
configure:6341: checking for new missing prototypes...
configure:6689: creating ./config.status

## ---------------------- ##
## Running config.status. ##
## ---------------------- ##

This file was extended by config.status, which was
generated by GNU Autoconf 2.61.  Invocation command line was

  CONFIG_FILES    = 
  CONFIG_HEADERS  = 
  CONFIG_LINKS    = 
  CONFIG_COMMANDS = 
  $ ./config.status 

on lightspeed

config.status:595: creating Makefile
config.status:595: creating config.h

## ---------------- ##
## Cache variables. ##
## ---------------- ##

ac_cv_c_compiler_gnu=yes
ac_cv_c_const=yes
ac_cv_env_CC_set=
ac_cv_env_CC_value=
ac_cv_env_CFLAGS_set=
ac_cv_env_CFLAGS_value=
ac_cv_env_CPPFLAGS_set=
ac_cv_env_CPPFLAGS_value=
ac_cv_env_CPP_set=
ac_cv_env_CPP_value=
ac_cv_env_LDFLAGS_set=
ac_cv_env_LDFLAGS_value=
ac_cv_env_LIBS_set=
ac_cv_env_LIBS_value=
ac_cv_env_build_alias_set=
ac_cv_env_build_alias_value=
ac_cv_env_host_alias_set=
ac_cv_env_host_alias_value=
ac_cv_env_target_alias_set=
ac_cv_env_target_alias_value=
ac_cv_func_clock=yes
ac_cv_func_fgetpos=yes
ac_cv_func_fnmatch=yes
ac_cv_func_mkstemp=yes
ac_cv_func_opendir=yes
ac_cv_func_regcomp=yes
ac_cv_func_remove=yes
ac_cv_func_setenv=yes
ac_cv_func_strcasecmp=yes
ac_cv_func_strerror=yes
ac_cv_func_strncasecmp=yes
ac_cv_func_strstr=yes
ac_cv_func_truncate=yes
ac_cv_header_dirent_h=yes
ac_cv_header_fcntl_h=yes
ac_cv_header_fnmatch_h=yes
ac_cv_header_inttypes_h=yes
ac_cv_header_memory_h=yes
ac_cv_header_stat_h=no
ac_cv_header_stdc=yes
ac_cv_header_stdint_h=yes
ac_cv_header_stdlib_h=yes
ac_cv_header_string_h=yes
ac_cv_header_strings_h=yes
ac_cv_header_sys_dir_h=yes
ac_cv_header_sys_stat_h=yes
ac_cv_header_sys_times_h=yes
ac_cv_header_sys_types_h=yes
ac_cv_header_time_h=yes
ac_cv_header_types_h=no
ac_cv_header_unistd_h=yes
ac_cv_objext=o
ac_cv_path_EGREP='/usr/bin/grep -E'
ac_cv_path_GREP=/usr/bin/grep
ac_cv_prog_CPP='gcc -E'
ac_cv_prog_STRIP=strip
ac_cv_prog_ac_ct_CC=gcc
ac_cv_prog_cc_c89=
ac_cv_prog_cc_g=yes
ac_cv_prog_sort_found=yes
ac_cv_sys_interpreter=yes
ac_cv_type_off_t=yes
ac_cv_type_size_t=yes

## ----------------- ##
## Output variables. ##
## ----------------- ##

CC='gcc'
CFLAGS='-g -O2'
CPP='gcc -E'
CPPFLAGS=''
DEFS='-DHAVE_CONFIG_H'
ECHO_C=''
ECHO_N='-n'
ECHO_T=''
EGREP='/usr/bin/grep -E'
EXEEXT=''
GREP='/usr/bin/grep'
LDFLAGS=''
LIBOBJS=''
LIBS=''
LN_S='ln -s'
LTLIBOBJS=''
OBJEXT='o'
PACKAGE_BUGREPORT=''
PACKAGE_NAME=''
PACKAGE_STRING=''
PACKAGE_TARNAME=''
PACKAGE_VERSION=''
PATH_SEPARATOR=':'
SHELL='/bin/sh'
STRIP='strip'
ac_ct_CC='gcc'
bindir='${exec_prefix}/bin'
build_alias=''
datadir='${datarootdir}'
datarootdir='${prefix}/share'
docdir='${datarootdir}/doc/${PACKAGE}'
dvidir='${docdir}'
exec_prefix='${prefix}'
host_alias=''
htmldir='${docdir}'
includedir='${prefix}/include'
infodir='${datarootdir}/info'
install_targets='install-ctags'
libdir='${exec_prefix}/lib'
libexecdir='${exec_prefix}/libexec'
localedir='${datarootdir}/locale'
localstatedir='${prefix}/var'
mandir='${datarootdir}/man'
oldincludedir='/usr/include'
pdfdir='${docdir}'
prefix='/usr/local'
program_transform_name='s,x,x,'
psdir='${docdir}'
sbindir='${exec_prefix}/sbin'
sharedstatedir='${prefix}/com'
sort_found='yes'
sysconfdir='${prefix}/etc'
target_alias=''

## ----------- ##
## confdefs.h. ##
## ----------- ##

#define PACKAGE_NAME ""
#define PACKAGE_TARNAME ""
#define PACKAGE_VERSION ""
#define PACKAGE_STRING ""
#define PACKAGE_BUGREPORT ""
#define DEFAULT_FILE_FORMAT 2
#define TMPDIR "/tmp"
#define SYS_INTERPRETER 1
#define EXTERNAL_SORT 1
#define STDC_HEADERS 1
#define HAVE_SYS_TYPES_H 1
#define HAVE_SYS_STAT_H 1
#define HAVE_STDLIB_H 1
#define HAVE_STRING_H 1
#define HAVE_MEMORY_H 1
#define HAVE_STRINGS_H 1
#define HAVE_INTTYPES_H 1
#define HAVE_STDINT_H 1
#define HAVE_UNISTD_H 1
#define HAVE_DIRENT_H 1
#define HAVE_FCNTL_H 1
#define HAVE_FNMATCH_H 1
#define HAVE_STDLIB_H 1
#define HAVE_STRING_H 1
#define HAVE_TIME_H 1
#define HAVE_UNISTD_H 1
#define HAVE_SYS_DIR_H 1
#define HAVE_SYS_STAT_H 1
#define HAVE_SYS_TIMES_H 1
#define HAVE_SYS_TYPES_H 1
#define HAVE_STAT_ST_INO 1
#define HAVE_FNMATCH 1
#define HAVE_STRSTR 1
#define HAVE_STRCASECMP 1
#define HAVE_STRNCASECMP 1
#define HAVE_FGETPOS 1
#define HAVE_MKSTEMP 1
#define HAVE_OPENDIR 1
#define HAVE_STRERROR 1
#define HAVE_CLOCK 1
#define HAVE_REMOVE 1
#define HAVE_TRUNCATE 1
#define HAVE_SETENV 1
#define HAVE_REGCOMP 1

configure: exit 0
